TN:
SF:src\app.js
FN:16,(anonymous_0)
FN:21,(anonymous_1)
FNF:2
FNH:0
FNDA:0,(anonymous_0)
FNDA:0,(anonymous_1)
DA:1,0
DA:2,0
DA:3,0
DA:5,0
DA:8,0
DA:9,0
DA:10,0
DA:13,0
DA:16,0
DA:17,0
DA:21,0
DA:22,0
DA:23,0
DA:29,0
LF:14
LH:0
BRF:0
BRH:0
end_of_record
TN:
SF:src\controllers\exportController.js
FN:6,(anonymous_0)
FN:43,(anonymous_1)
FN:44,(anonymous_2)
FN:45,(anonymous_3)
FN:65,(anonymous_4)
FN:109,(anonymous_5)
FN:155,(anonymous_6)
FN:175,(anonymous_7)
FNF:8
FNH:0
FNDA:0,(anonymous_0)
FNDA:0,(anonymous_1)
FNDA:0,(anonymous_2)
FNDA:0,(anonymous_3)
FNDA:0,(anonymous_4)
FNDA:0,(anonymous_5)
FNDA:0,(anonymous_6)
FNDA:0,(anonymous_7)
DA:1,0
DA:2,0
DA:3,0
DA:7,0
DA:8,0
DA:11,0
DA:13,0
DA:14,0
DA:17,0
DA:20,0
DA:23,0
DA:24,0
DA:27,0
DA:30,0
DA:34,0
DA:35,0
DA:39,0
DA:42,0
DA:43,0
DA:44,0
DA:45,0
DA:46,0
DA:49,0
DA:53,0
DA:54,0
DA:57,0
DA:65,0
DA:66,0
DA:67,0
DA:70,0
DA:73,0
DA:74,0
DA:78,0
DA:81,0
DA:82,0
DA:83,0
DA:85,0
DA:89,0
DA:90,0
DA:91,0
DA:92,0
DA:93,0
DA:94,0
DA:96,0
DA:99,0
DA:103,0
DA:106,0
DA:109,0
DA:110,0
DA:111,0
DA:112,0
DA:115,0
DA:116,0
DA:120,0
DA:130,0
DA:134,0
DA:144,0
DA:147,0
DA:148,0
DA:156,0
DA:157,0
DA:160,0
DA:162,0
DA:163,0
DA:166,0
DA:169,0
DA:175,0
DA:176,0
DA:177,0
DA:192,0
DA:195,0
DA:196,0
DA:198,0
DA:200,0
DA:201,0
DA:209,0
LF:76
LH:0
BRDA:13,0,0,0
BRDA:13,0,1,0
BRDA:13,1,0,0
BRDA:13,1,1,0
BRDA:46,2,0,0
BRDA:46,2,1,0
BRDA:110,3,0,0
BRDA:110,3,1,0
BRDA:115,4,0,0
BRDA:115,4,1,0
BRDA:116,5,0,0
BRDA:116,5,1,0
BRDA:122,6,0,0
BRDA:122,6,1,0
BRDA:125,7,0,0
BRDA:125,7,1,0
BRDA:162,8,0,0
BRDA:162,8,1,0
BRDA:162,9,0,0
BRDA:162,9,1,0
BRDA:176,10,0,0
BRDA:176,10,1,0
BRDA:180,11,0,0
BRDA:180,11,1,0
BRDA:181,12,0,0
BRDA:181,12,1,0
BRDA:186,13,0,0
BRDA:186,13,1,0
BRF:28
BRH:0
end_of_record
TN:
SF:src\controllers\failuresController.js
FN:4,(anonymous_0)
FN:12,(anonymous_1)
FN:48,(anonymous_2)
FNF:3
FNH:2
FNDA:2,(anonymous_0)
FNDA:2,(anonymous_1)
FNDA:0,(anonymous_2)
DA:1,1
DA:5,2
DA:7,2
DA:10,1
DA:12,1
DA:14,2
DA:17,2
DA:19,2
DA:21,0
DA:22,0
DA:23,0
DA:25,0
DA:26,0
DA:28,0
DA:34,2
DA:35,1
DA:36,1
DA:38,1
DA:47,1
DA:48,0
DA:51,1
DA:57,1
DA:58,1
DA:66,1
LF:24
LH:17
BRDA:14,0,0,0
BRDA:14,0,1,2
BRDA:17,1,0,2
BRDA:17,1,1,0
BRDA:19,2,0,0
BRDA:19,2,1,2
BRDA:19,3,0,2
BRDA:19,3,1,0
BRDA:22,4,0,0
BRDA:22,4,1,0
BRDA:25,5,0,0
BRDA:25,5,1,0
BRDA:28,6,0,0
BRDA:28,6,1,0
BRDA:34,7,0,1
BRDA:34,7,1,1
BRF:16
BRH:6
end_of_record
TN:
SF:src\controllers\resultsController.js
FN:4,(anonymous_0)
FN:71,(anonymous_1)
FN:98,(anonymous_2)
FNF:3
FNH:1
FNDA:1,(anonymous_0)
FNDA:0,(anonymous_1)
FNDA:0,(anonymous_2)
DA:1,1
DA:5,1
DA:17,1
DA:20,1
DA:21,0
DA:28,1
DA:29,0
DA:34,1
DA:48,1
DA:49,1
DA:50,1
DA:55,1
DA:58,1
DA:63,0
DA:64,0
DA:72,0
DA:73,0
DA:75,0
DA:78,0
DA:79,0
DA:82,0
DA:84,0
DA:90,0
DA:91,0
DA:99,0
DA:100,0
DA:101,0
DA:103,0
DA:104,0
DA:109,0
DA:114,0
DA:115,0
DA:123,1
LF:33
LH:12
BRDA:11,0,0,1
BRDA:12,1,0,1
BRDA:20,2,0,0
BRDA:20,2,1,1
BRDA:20,3,0,1
BRDA:20,3,1,1
BRDA:20,3,2,1
BRDA:20,3,3,1
BRDA:28,4,0,0
BRDA:28,4,1,1
BRDA:28,5,0,1
BRDA:28,5,1,1
BRDA:28,5,2,1
BRDA:49,6,0,1
BRDA:49,6,1,0
BRDA:78,7,0,0
BRDA:78,7,1,0
BRDA:78,8,0,0
BRDA:78,8,1,0
BRDA:103,9,0,0
BRDA:103,9,1,0
BRF:21
BRH:12
end_of_record
TN:
SF:src\controllers\scheduleController.js
FN:4,(anonymous_0)
FN:22,(anonymous_1)
FN:64,(anonymous_2)
FN:90,(anonymous_3)
FNF:4
FNH:0
FNDA:0,(anonymous_0)
FNDA:0,(anonymous_1)
FNDA:0,(anonymous_2)
FNDA:0,(anonymous_3)
DA:1,0
DA:5,0
DA:6,0
DA:8,0
DA:14,0
DA:15,0
DA:23,0
DA:24,0
DA:27,0
DA:28,0
DA:35,0
DA:36,0
DA:37,0
DA:43,0
DA:51,0
DA:56,0
DA:57,0
DA:65,0
DA:66,0
DA:68,0
DA:70,0
DA:71,0
DA:77,0
DA:82,0
DA:83,0
DA:91,0
DA:92,0
DA:93,0
DA:95,0
DA:96,0
DA:102,0
DA:104,0
DA:109,0
DA:110,0
DA:118,0
LF:35
LH:0
BRDA:27,0,0,0
BRDA:27,0,1,0
BRDA:27,1,0,0
BRDA:27,1,1,0
BRDA:27,1,2,0
BRDA:36,2,0,0
BRDA:36,2,1,0
BRDA:70,3,0,0
BRDA:70,3,1,0
BRDA:92,4,0,0
BRDA:95,5,0,0
BRDA:95,5,1,0
BRDA:95,6,0,0
BRDA:95,6,1,0
BRF:14
BRH:0
end_of_record
TN:
SF:src\controllers\trendsController.js
FN:4,(anonymous_0)
FN:44,(anonymous_1)
FNF:2
FNH:1
FNDA:10,(anonymous_0)
FNDA:0,(anonymous_1)
DA:1,1
DA:5,10
DA:6,10
DA:9,10
DA:10,10
DA:11,1
DA:18,9
DA:19,9
DA:20,1
DA:26,8
DA:28,7
DA:36,1
DA:37,1
DA:45,0
DA:46,0
DA:49,0
DA:50,0
DA:51,0
DA:57,0
DA:59,0
DA:67,0
DA:68,0
DA:76,1
LF:23
LH:14
BRDA:6,0,0,5
BRDA:6,1,0,8
BRDA:10,2,0,1
BRDA:10,2,1,9
BRDA:19,3,0,1
BRDA:19,3,1,8
BRDA:19,4,0,9
BRDA:19,4,1,9
BRDA:19,4,2,9
BRDA:46,5,0,0
BRDA:50,6,0,0
BRDA:50,6,1,0
BRDA:50,7,0,0
BRDA:50,7,1,0
BRDA:50,7,2,0
BRDA:61,8,0,0
BRDA:61,8,1,0
BRF:17
BRH:9
end_of_record
TN:
SF:src\controllers\webhookController.js
FN:9,(anonymous_0)
FN:79,(anonymous_1)
FN:137,(anonymous_2)
FN:197,(anonymous_3)
FN:251,(anonymous_4)
FN:270,(anonymous_5)
FNF:6
FNH:4
FNDA:6,(anonymous_0)
FNDA:5,(anonymous_1)
FNDA:3,(anonymous_2)
FNDA:0,(anonymous_3)
FNDA:5,(anonymous_4)
FNDA:0,(anonymous_5)
DA:1,1
DA:2,1
DA:10,6
DA:12,6
DA:13,6
DA:15,6
DA:16,5
DA:17,5
DA:18,1
DA:25,5
DA:26,5
DA:28,5
DA:31,5
DA:32,4
DA:35,4
DA:49,4
DA:52,4
DA:53,4
DA:54,0
DA:62,5
DA:67,0
DA:68,0
DA:80,5
DA:82,5
DA:83,5
DA:85,5
DA:86,1
DA:92,4
DA:93,4
DA:96,4
DA:108,4
DA:111,3
DA:112,3
DA:113,0
DA:120,3
DA:125,1
DA:126,1
DA:138,3
DA:140,3
DA:141,3
DA:143,3
DA:144,2
DA:150,1
DA:151,1
DA:153,1
DA:154,1
DA:167,1
DA:170,1
DA:171,1
DA:172,0
DA:180,1
DA:185,0
DA:186,0
DA:198,0
DA:199,0
DA:202,0
DA:204,0
DA:210,0
DA:223,0
DA:226,0
DA:227,0
DA:228,0
DA:235,0
DA:240,0
DA:241,0
DA:252,5
DA:253,5
DA:254,5
DA:257,5
DA:258,1
DA:261,4
DA:263,0
DA:271,0
DA:273,0
DA:322,1
LF:75
LH:53
BRDA:15,0,0,5
BRDA:15,0,1,1
BRDA:15,1,0,6
BRDA:15,1,1,5
BRDA:17,2,0,1
BRDA:17,2,1,4
BRDA:31,3,0,4
BRDA:31,3,1,1
BRDA:36,4,0,4
BRDA:36,4,1,4
BRDA:42,5,0,3
BRDA:42,5,1,1
BRDA:43,6,0,3
BRDA:43,6,1,1
BRDA:44,7,0,3
BRDA:44,7,1,1
BRDA:45,8,0,1
BRDA:45,8,1,3
BRDA:46,9,0,1
BRDA:46,9,1,3
BRDA:53,10,0,0
BRDA:53,10,1,4
BRDA:85,11,0,1
BRDA:85,11,1,4
BRDA:85,12,0,5
BRDA:85,12,1,4
BRDA:97,13,0,4
BRDA:97,13,1,0
BRDA:97,14,0,4
BRDA:97,14,1,1
BRDA:101,15,0,4
BRDA:101,15,1,4
BRDA:102,16,0,4
BRDA:102,16,1,4
BRDA:103,17,0,4
BRDA:103,17,1,4
BRDA:104,18,0,0
BRDA:104,18,1,4
BRDA:105,19,0,0
BRDA:105,19,1,4
BRDA:112,20,0,0
BRDA:112,20,1,3
BRDA:143,21,0,2
BRDA:143,21,1,1
BRDA:143,22,0,3
BRDA:143,22,1,3
BRDA:153,23,0,1
BRDA:153,23,1,0
BRDA:155,24,0,1
BRDA:155,24,1,0
BRDA:160,25,0,1
BRDA:160,25,1,0
BRDA:161,26,0,1
BRDA:161,26,1,0
BRDA:162,27,0,1
BRDA:162,27,1,0
BRDA:163,28,0,0
BRDA:163,28,1,1
BRDA:164,29,0,0
BRDA:164,29,1,1
BRDA:171,30,0,0
BRDA:171,30,1,1
BRDA:202,31,0,0
BRDA:202,31,1,0
BRDA:202,32,0,0
BRDA:202,32,1,0
BRDA:202,32,2,0
BRDA:202,32,3,0
BRDA:212,33,0,0
BRDA:212,33,1,0
BRDA:213,34,0,0
BRDA:213,34,1,0
BRDA:214,35,0,0
BRDA:214,35,1,0
BRDA:227,36,0,0
BRDA:227,36,1,0
BRDA:257,37,0,1
BRDA:257,37,1,4
BRF:78
BRH:51
end_of_record
TN:
SF:src\routes\api.js
FNF:0
FNH:0
DA:1,0
DA:2,0
DA:3,0
DA:4,0
DA:5,0
DA:6,0
DA:7,0
DA:8,0
DA:9,0
DA:12,0
DA:18,0
DA:24,0
DA:31,0
DA:34,0
DA:37,0
DA:40,0
DA:43,0
DA:46,0
DA:49,0
DA:52,0
DA:55,0
DA:58,0
DA:59,0
DA:60,0
DA:61,0
DA:64,0
DA:65,0
DA:66,0
DA:67,0
DA:68,0
DA:70,0
LF:31
LH:0
BRF:0
BRH:0
end_of_record
TN:
SF:src\services\dbService.js
FN:7,(anonymous_0)
FN:28,(anonymous_1)
FN:40,(anonymous_2)
FN:53,(anonymous_3)
FN:93,(anonymous_4)
FN:119,(anonymous_5)
FN:126,(anonymous_6)
FN:128,(anonymous_7)
FN:138,(anonymous_8)
FNF:9
FNH:0
FNDA:0,(anonymous_0)
FNDA:0,(anonymous_1)
FNDA:0,(anonymous_2)
FNDA:0,(anonymous_3)
FNDA:0,(anonymous_4)
FNDA:0,(anonymous_5)
FNDA:0,(anonymous_6)
FNDA:0,(anonymous_7)
FNDA:0,(anonymous_8)
DA:1,0
DA:2,0
DA:4,0
DA:8,0
DA:9,0
DA:21,0
DA:23,0
DA:24,0
DA:29,0
DA:30,0
DA:33,0
DA:35,0
DA:36,0
DA:41,0
DA:42,0
DA:46,0
DA:48,0
DA:49,0
DA:54,0
DA:55,0
DA:56,0
DA:59,0
DA:61,0
DA:62,0
DA:64,0
DA:65,0
DA:68,0
DA:69,0
DA:71,0
DA:72,0
DA:74,0
DA:77,0
DA:91,0
DA:92,0
DA:93,0
DA:94,0
DA:95,0
DA:96,0
DA:97,0
DA:99,0
DA:100,0
DA:110,0
DA:111,0
DA:112,0
DA:113,0
DA:114,0
DA:115,0
DA:119,0
DA:126,0
DA:128,0
DA:131,0
DA:133,0
DA:134,0
DA:139,0
DA:140,0
DA:141,0
DA:143,0
DA:146,0
DA:147,0
DA:150,0
DA:162,0
DA:164,0
DA:165,0
DA:170,0
LF:64
LH:0
BRDA:14,0,0,0
BRDA:14,0,1,0
BRDA:15,1,0,0
BRDA:15,1,1,0
BRDA:53,2,0,0
BRDA:53,3,0,0
BRDA:59,4,0,0
BRDA:59,4,1,0
BRDA:59,4,2,0
BRDA:59,4,3,0
BRDA:59,4,4,0
BRDA:91,5,0,0
BRDA:91,5,1,0
BRDA:99,6,0,0
BRDA:99,6,1,0
BRDA:114,7,0,0
BRDA:114,7,1,0
BRDA:125,8,0,0
BRDA:125,8,1,0
BRDA:138,9,0,0
BRDA:138,10,0,0
BRDA:146,11,0,0
BRDA:146,11,1,0
BRF:23
BRH:0
end_of_record
TN:
SF:src\services\projectScanner.js
FN:5,(anonymous_0)
FN:14,(anonymous_1)
FN:40,(anonymous_2)
FN:56,(anonymous_3)
FN:110,(anonymous_4)
FN:112,(anonymous_5)
FN:123,(anonymous_6)
FNF:7
FNH:0
FNDA:0,(anonymous_0)
FNDA:0,(anonymous_1)
FNDA:0,(anonymous_2)
FNDA:0,(anonymous_3)
FNDA:0,(anonymous_4)
FNDA:0,(anonymous_5)
FNDA:0,(anonymous_6)
DA:1,0
DA:2,0
DA:7,0
DA:15,0
DA:16,0
DA:17,0
DA:19,0
DA:20,0
DA:21,0
DA:22,0
DA:24,0
DA:25,0
DA:30,0
DA:32,0
DA:33,0
DA:41,0
DA:50,0
DA:57,0
DA:65,0
DA:66,0
DA:67,0
DA:72,0
DA:73,0
DA:74,0
DA:75,0
DA:76,0
DA:77,0
DA:81,0
DA:82,0
DA:83,0
DA:87,0
DA:88,0
DA:89,0
DA:93,0
DA:94,0
DA:95,0
DA:99,0
DA:100,0
DA:101,0
DA:104,0
DA:111,0
DA:112,0
DA:124,0
DA:125,0
DA:129,0
LF:45
LH:0
BRDA:20,0,0,0
BRDA:20,0,1,0
BRDA:20,1,0,0
BRDA:20,1,1,0
BRDA:24,2,0,0
BRDA:24,2,1,0
BRDA:50,3,0,0
BRDA:50,3,1,0
BRDA:65,4,0,0
BRDA:65,4,1,0
BRDA:73,5,0,0
BRDA:73,5,1,0
BRDA:74,6,0,0
BRDA:74,6,1,0
BRDA:75,7,0,0
BRDA:75,7,1,0
BRDA:76,8,0,0
BRDA:76,8,1,0
BRDA:76,9,0,0
BRDA:76,9,1,0
BRDA:77,10,0,0
BRDA:77,10,1,0
BRDA:81,11,0,0
BRDA:81,11,1,0
BRDA:87,12,0,0
BRDA:87,12,1,0
BRDA:93,13,0,0
BRDA:93,13,1,0
BRDA:94,14,0,0
BRDA:94,14,1,0
BRDA:95,15,0,0
BRDA:95,15,1,0
BRDA:99,16,0,0
BRDA:99,16,1,0
BRDA:115,17,0,0
BRDA:115,17,1,0
BRDA:124,18,0,0
BRDA:124,18,1,0
BRF:38
BRH:0
end_of_record
TN:
SF:src\services\scheduledExportService.js
FN:7,(anonymous_0)
FN:18,(anonymous_1)
FN:37,(anonymous_2)
FN:52,(anonymous_3)
FN:71,(anonymous_4)
FN:77,(anonymous_5)
FN:97,(anonymous_6)
FN:107,(anonymous_7)
FN:119,(anonymous_8)
FN:121,(anonymous_9)
FN:134,(anonymous_10)
FN:140,(anonymous_11)
FN:155,(anonymous_12)
FN:175,(anonymous_13)
FNF:14
FNH:0
FNDA:0,(anonymous_0)
FNDA:0,(anonymous_1)
FNDA:0,(anonymous_2)
FNDA:0,(anonymous_3)
FNDA:0,(anonymous_4)
FNDA:0,(anonymous_5)
FNDA:0,(anonymous_6)
FNDA:0,(anonymous_7)
FNDA:0,(anonymous_8)
FNDA:0,(anonymous_9)
FNDA:0,(anonymous_10)
FNDA:0,(anonymous_11)
FNDA:0,(anonymous_12)
FNDA:0,(anonymous_13)
DA:1,0
DA:2,0
DA:3,0
DA:4,0
DA:8,0
DA:9,0
DA:12,0
DA:13,0
DA:19,0
DA:22,0
DA:23,0
DA:27,0
DA:28,0
DA:31,0
DA:32,0
DA:33,0
DA:37,0
DA:38,0
DA:39,0
DA:40,0
DA:41,0
DA:43,0
DA:47,0
DA:48,0
DA:53,0
DA:54,0
DA:55,0
DA:58,0
DA:60,0
DA:61,0
DA:62,0
DA:63,0
DA:65,0
DA:68,0
DA:72,0
DA:77,0
DA:78,0
DA:79,0
DA:93,0
DA:94,0
DA:98,0
DA:103,0
DA:108,0
DA:109,0
DA:110,0
DA:111,0
DA:112,0
DA:113,0
DA:115,0
DA:120,0
DA:121,0
DA:122,0
DA:130,0
DA:135,0
DA:136,0
DA:137,0
DA:139,0
DA:140,0
DA:141,0
DA:142,0
DA:144,0
DA:145,0
DA:146,0
DA:150,0
DA:151,0
DA:157,0
DA:166,0
DA:175,0
DA:176,0
DA:177,0
DA:183,0
DA:184,0
LF:72
LH:0
BRDA:12,0,0,0
BRDA:12,0,1,0
BRDA:19,1,0,0
BRDA:22,2,0,0
BRDA:22,2,1,0
BRDA:27,3,0,0
BRDA:27,3,1,0
BRDA:31,4,0,0
BRDA:31,4,1,0
BRDA:55,5,0,0
BRDA:55,5,1,0
BRDA:60,6,0,0
BRDA:60,6,1,0
BRDA:62,7,0,0
BRDA:62,7,1,0
BRDA:78,8,0,0
BRDA:78,8,1,0
BRDA:82,9,0,0
BRDA:82,9,1,0
BRDA:83,10,0,0
BRDA:83,10,1,0
BRDA:88,11,0,0
BRDA:88,11,1,0
BRDA:109,12,0,0
BRDA:109,12,1,0
BRDA:134,13,0,0
BRDA:144,14,0,0
BRDA:144,14,1,0
BRF:28
BRH:0
end_of_record
